<?xml version="1.0" encoding="UTF-8"?>
<!-- Generated by org.testng.reporters.JUnitReportReporter -->
<testsuite skipped="1" hostname="DESKTOP-GK61F68" name="generateReport.SampleReport" tests="2" failures="0" timestamp="2021-01-28T22:33:27 IST" time="3.685" errors="0">
  <testcase name="loginTest" time="3.673" classname="generateReport.SampleReport"/>
  <system-out/>
  <testcase name="logoutTest" time="0.012" classname="generateReport.SampleReport">
    <skipped/>
  </testcase> <!-- logoutTest -->
  <system-out/>
</testsuite> <!-- generateReport.SampleReport -->
