<?xml version="1.0" encoding="UTF-8"?>
<!-- Generated by org.testng.reporters.JUnitReportReporter -->
<testsuite skipped="2" hostname="DESKTOP-GK61F68" name="generateReport.SampleReport" tests="4" failures="0" timestamp="2021-01-29T18:02:51 IST" time="2.821" errors="0">
  <testcase name="loginTest" time="2.613" classname="generateReport.SampleReport"/>
  <system-out/>
  <testcase name="loginTest" time="0.164" classname="generateReport.SampleReport"/>
  <system-out/>
  <testcase name="logoutTest" time="0.029" classname="generateReport.SampleReport">
    <skipped/>
  </testcase> <!-- logoutTest -->
  <system-out/>
  <testcase name="logoutTest" time="0.015" classname="generateReport.SampleReport">
    <skipped/>
  </testcase> <!-- logoutTest -->
  <system-out/>
</testsuite> <!-- generateReport.SampleReport -->
